c:\users\wojtek\source\repos\bbdac9aa-gr32-repo\projekt\project\project\x64\debug\project.pch
c:\users\wojtek\source\repos\bbdac9aa-gr32-repo\projekt\project\project\x64\debug\vc141.pdb
c:\users\wojtek\source\repos\bbdac9aa-gr32-repo\projekt\project\project\x64\debug\vc141.idb
c:\users\wojtek\source\repos\bbdac9aa-gr32-repo\projekt\project\project\x64\debug\bullet.obj
c:\users\wojtek\source\repos\bbdac9aa-gr32-repo\projekt\project\project\x64\debug\character.obj
c:\users\wojtek\source\repos\bbdac9aa-gr32-repo\projekt\project\project\x64\debug\enemy.obj
c:\users\wojtek\source\repos\bbdac9aa-gr32-repo\projekt\project\project\x64\debug\game.obj
c:\users\wojtek\source\repos\bbdac9aa-gr32-repo\projekt\project\project\x64\debug\main.obj
c:\users\wojtek\source\repos\bbdac9aa-gr32-repo\projekt\project\project\x64\debug\object.obj
c:\users\wojtek\source\repos\bbdac9aa-gr32-repo\projekt\project\project\x64\debug\pickups.obj
c:\users\wojtek\source\repos\bbdac9aa-gr32-repo\projekt\project\project\x64\debug\player.obj
c:\users\wojtek\source\repos\bbdac9aa-gr32-repo\projekt\project\project\x64\debug\powerup.obj
c:\users\wojtek\source\repos\bbdac9aa-gr32-repo\projekt\project\x64\debug\project.exe
c:\users\wojtek\source\repos\bbdac9aa-gr32-repo\projekt\project\x64\debug\project.ilk
c:\users\wojtek\source\repos\bbdac9aa-gr32-repo\projekt\project\x64\debug\project.pdb
c:\users\wojtek\source\repos\bbdac9aa-gr32-repo\projekt\project\project\x64\debug\terrain.obj
c:\users\wojtek\source\repos\bbdac9aa-gr32-repo\projekt\project\project\x64\debug\project.tlog\cl.command.1.tlog
c:\users\wojtek\source\repos\bbdac9aa-gr32-repo\projekt\project\project\x64\debug\project.tlog\cl.write.1.tlog
c:\users\wojtek\source\repos\bbdac9aa-gr32-repo\projekt\project\project\x64\debug\project.tlog\link.command.1.tlog
c:\users\wojtek\source\repos\bbdac9aa-gr32-repo\projekt\project\project\x64\debug\project.tlog\link.read.1.tlog
c:\users\wojtek\source\repos\bbdac9aa-gr32-repo\projekt\project\project\x64\debug\project.tlog\link.write.1.tlog
